android/app/build/intermediates/manifest_merge_blame_file/debug/manifest-merger-blame-debug-report.txt
1<?xml version="1.0" encoding="utf-8"?>
2<manifest xmlns:android="http://schemas.android.com/apk/res/android"
3    package="com.blemanagerdemo"
4    android:versionCode="1"
5    android:versionName="1.0" >
6
7    <uses-sdk
8        android:minSdkVersion="21"
9        android:targetSdkVersion="33" />
10
11    <uses-permission android:name="android.permission.SYSTEM_ALERT_WINDOW" />
11-->src\debug\AndroidManifest.xml:5:5-77
11-->src\debug\AndroidManifest.xml:5:22-75
12    <uses-permission android:name="android.permission.INTERNET" />
12-->src\main\AndroidManifest.xml:3:5-67
12-->src\main\AndroidManifest.xml:3:22-64
13    <uses-permission android:name="android.permission.INTERNET" />
13-->src\main\AndroidManifest.xml:3:5-67
13-->src\main\AndroidManifest.xml:3:22-64
14    <uses-permission
14-->src\main\AndroidManifest.xml:7:5-95
15        android:name="android.permission.BLUETOOTH"
15-->src\main\AndroidManifest.xml:7:22-65
16        android:maxSdkVersion="30" />
16-->src\main\AndroidManifest.xml:7:66-92
17    <uses-permission
17-->src\main\AndroidManifest.xml:8:5-101
18        android:name="android.permission.BLUETOOTH_ADMIN"
18-->src\main\AndroidManifest.xml:8:22-71
19        android:maxSdkVersion="30" />
19-->src\main\AndroidManifest.xml:8:72-98
20    <uses-permission
20-->src\main\AndroidManifest.xml:10:5-107
21        android:name="android.permission.ACCESS_COARSE_LOCATION"
21-->src\main\AndroidManifest.xml:10:22-78
22        android:maxSdkVersion="28" />
22-->src\main\AndroidManifest.xml:10:79-105
23
24    <uses-permission-sdk-23 android:name="android.permission.ACCESS_FINE_LOCATION" /> <!-- Only when targeting Android 12 or higher -->
24-->src\main\AndroidManifest.xml:11:5-105
24-->src\main\AndroidManifest.xml:11:29-83
25    <!--
26 Please make sure you read the following documentation to have a
27         better understanding of the new permissions.
28         https://developer.android.com/guide/topics/connectivity/bluetooth/permissions#assert-never-for-location
29    -->
30    <!--
31 If your app doesn't use Bluetooth scan results to derive physical location information,
32         you can strongly assert that your app
33         doesn't derive physical location.
34    -->
35    <uses-permission
35-->src\main\AndroidManifest.xml:22:5-24:44
36        android:name="android.permission.BLUETOOTH_CONNECT"
36-->src\main\AndroidManifest.xml:22:22-73
37        android:usesPermissionFlags="neverForLocation" /> <!-- Needed only if your app looks for Bluetooth devices. -->
37-->src\main\AndroidManifest.xml:23:22-68
38    <uses-permission android:name="android.permission.BLUETOOTH_SCAN" /> <!-- Needed only if your app makes the device discoverable to Bluetooth devices. -->
38-->src\main\AndroidManifest.xml:27:5-73
38-->src\main\AndroidManifest.xml:27:22-70
39    <uses-permission android:name="android.permission.BLUETOOTH_ADVERTISE" /> <!-- If you need communication while the app is not in the foreground you need the "ACCESS_BACKGROUND_LOCATION" permission. -->
39-->src\main\AndroidManifest.xml:29:5-78
39-->src\main\AndroidManifest.xml:29:22-75
40    <uses-permission android:name="android.permission.ACCESS_BACKGROUND_LOCATION" />
40-->src\main\AndroidManifest.xml:31:5-85
40-->src\main\AndroidManifest.xml:31:22-82
41
42    <queries>
42-->src\main\AndroidManifest.xml:32:5-36:15
43        <intent>
43-->src\main\AndroidManifest.xml:33:7-35:16
44            <action android:name="android.intent.action.TTS_SERVICE" />
44-->src\main\AndroidManifest.xml:34:11-70
44-->src\main\AndroidManifest.xml:34:19-67
45        </intent>
46    </queries>
47
48    <uses-permission android:name="android.permission.ACCESS_WIFI_STATE" />
48-->[com.facebook.flipper:flipper:0.125.0] AndroidManifest.xml:16:5-76
48-->[com.facebook.flipper:flipper:0.125.0] AndroidManifest.xml:16:22-73
49
50    <uses-feature
50-->[:react-native-ble-manager] AndroidManifest.xml:13:5-15:36
51        android:name="android.hardware.bluetooth_le"
51-->[:react-native-ble-manager] AndroidManifest.xml:14:9-53
52        android:required="false" />
52-->[:react-native-ble-manager] AndroidManifest.xml:15:9-33
53
54    <application
54-->src\main\AndroidManifest.xml:37:5-56:19
55        android:name="com.blemanagerdemo.MainApplication"
55-->src\main\AndroidManifest.xml:38:7-38
56        android:allowBackup="false"
56-->src\main\AndroidManifest.xml:42:7-34
57        android:appComponentFactory="androidx.core.app.CoreComponentFactory"
57-->[androidx.core:core:1.7.0] AndroidManifest.xml:24:18-86
58        android:debuggable="true"
59        android:icon="@mipmap/ic_launcher"
59-->src\main\AndroidManifest.xml:40:7-41
60        android:label="@string/app_name"
60-->src\main\AndroidManifest.xml:39:7-39
61        android:roundIcon="@mipmap/ic_launcher_round"
61-->src\main\AndroidManifest.xml:41:7-52
62        android:theme="@style/AppTheme"
62-->src\main\AndroidManifest.xml:43:7-38
63        android:usesCleartextTraffic="true" >
63-->src\debug\AndroidManifest.xml:8:9-44
64        <activity
64-->src\debug\AndroidManifest.xml:11:9-111
65            android:name="com.facebook.react.devsupport.DevSettingsActivity"
65-->src\debug\AndroidManifest.xml:11:19-83
66            android:exported="false" />
66-->src\debug\AndroidManifest.xml:11:84-108
67        <activity
67-->src\main\AndroidManifest.xml:44:7-55:18
68            android:name="com.blemanagerdemo.MainActivity"
68-->src\main\AndroidManifest.xml:45:9-37
69            android:configChanges="keyboard|keyboardHidden|orientation|screenLayout|screenSize|smallestScreenSize|uiMode"
69-->src\main\AndroidManifest.xml:47:9-118
70            android:exported="true"
70-->src\main\AndroidManifest.xml:50:9-32
71            android:label="@string/app_name"
71-->src\main\AndroidManifest.xml:46:9-41
72            android:launchMode="singleTask"
72-->src\main\AndroidManifest.xml:48:9-40
73            android:windowSoftInputMode="adjustResize" >
73-->src\main\AndroidManifest.xml:49:9-51
74            <intent-filter>
74-->src\main\AndroidManifest.xml:51:9-54:25
75                <action android:name="android.intent.action.MAIN" />
75-->src\main\AndroidManifest.xml:52:13-65
75-->src\main\AndroidManifest.xml:52:21-62
76
77                <category android:name="android.intent.category.LAUNCHER" />
77-->src\main\AndroidManifest.xml:53:13-73
77-->src\main\AndroidManifest.xml:53:23-70
78            </intent-filter>
79        </activity>
80
81        <provider
81-->[androidx.emoji2:emoji2:1.0.0] AndroidManifest.xml:26:9-34:20
82            android:name="androidx.startup.InitializationProvider"
82-->[androidx.emoji2:emoji2:1.0.0] AndroidManifest.xml:27:13-67
83            android:authorities="com.blemanagerdemo.androidx-startup"
83-->[androidx.emoji2:emoji2:1.0.0] AndroidManifest.xml:28:13-68
84            android:exported="false" >
84-->[androidx.emoji2:emoji2:1.0.0] AndroidManifest.xml:29:13-37
85            <meta-data
85-->[androidx.emoji2:emoji2:1.0.0] AndroidManifest.xml:31:13-33:52
86                android:name="androidx.emoji2.text.EmojiCompatInitializer"
86-->[androidx.emoji2:emoji2:1.0.0] AndroidManifest.xml:32:17-75
87                android:value="androidx.startup" />
87-->[androidx.emoji2:emoji2:1.0.0] AndroidManifest.xml:33:17-49
88            <meta-data
88-->[androidx.lifecycle:lifecycle-process:2.4.0] AndroidManifest.xml:31:13-33:52
89                android:name="androidx.lifecycle.ProcessLifecycleInitializer"
89-->[androidx.lifecycle:lifecycle-process:2.4.0] AndroidManifest.xml:32:17-78
90                android:value="androidx.startup" />
90-->[androidx.lifecycle:lifecycle-process:2.4.0] AndroidManifest.xml:33:17-49
91        </provider>
92    </application>
93
94</manifest>